Started by user admin
Running as SYSTEM
Building on the built-in node in workspace /var/jenkins_home/workspace/maven-build
The recommended git tool is: NONE
No credentials specified
 > git rev-parse --resolve-git-dir /var/jenkins_home/workspace/maven-build/.git # timeout=10
Fetching changes from the remote Git repository
 > git config remote.origin.url https://github.com/jenkins-docs/simple-java-maven-app.git # timeout=10
Fetching upstream changes from https://github.com/jenkins-docs/simple-java-maven-app.git
 > git --version # timeout=10
 > git --version # 'git version 2.39.5'
 > git fetch --tags --force --progress -- https://github.com/jenkins-docs/simple-java-maven-app.git +refs/heads/*:refs/remotes/origin/* # timeout=10
 > git rev-parse origin/master^{commit} # timeout=10
Checking out Revision db1a7e7e73939c57199147e1cf5460d229d56b0c (origin/master)
 > git config core.sparsecheckout # timeout=10
 > git checkout -f db1a7e7e73939c57199147e1cf5460d229d56b0c # timeout=10
Commit message: "Merge pull request #1218 from jenkins-docs/dependabot/maven/org.apache.maven.plugins-maven-compiler-plugin-3.14.1"
 > git rev-list --no-walk db1a7e7e73939c57199147e1cf5460d229d56b0c # timeout=10
Parsing POMs
Established TCP socket on 35537
[maven-build] $ java -cp /var/jenkins_home/plugins/maven-plugin/WEB-INF/lib/maven35-agent-1.14.jar:/var/jenkins_home/tools/hudson.tasks.Maven_MavenInstallation/3.9.10/boot/plexus-classworlds-2.9.0.jar:/var/jenkins_home/tools/hudson.tasks.Maven_MavenInstallation/3.9.10/conf/logging jenkins.maven3.agent.Maven35Main /var/jenkins_home/tools/hudson.tasks.Maven_MavenInstallation/3.9.10 /var/jenkins_home/war/WEB-INF/lib/remoting-3309.v27b_9314fd1a_4.jar /var/jenkins_home/plugins/maven-plugin/WEB-INF/lib/maven35-interceptor-1.14.jar /var/jenkins_home/plugins/maven-plugin/WEB-INF/lib/maven3-interceptor-commons-1.14.jar 35537
<===[JENKINS REMOTING CAPACITY]===>channel started
Executing Maven:  -B -f /var/jenkins_home/workspace/maven-build/pom.xml -B -DskipTests clean package
[INFO] Scanning for projects...
[INFO] 
[INFO] ----------------------< com.mycompany.app:my-app >----------------------
[INFO] Building my-app 1.0-SNAPSHOT
[INFO]   from pom.xml
[INFO] --------------------------------[ jar ]---------------------------------
[INFO] 
[INFO] --- clean:3.2.0:clean (default-clean) @ my-app ---
[INFO] Deleting /var/jenkins_home/workspace/maven-build/target
[INFO] 
[INFO] --- enforcer:3.6.1:enforce (enforce-maven) @ my-app ---
[INFO] Rule 0: org.apache.maven.enforcer.rules.version.RequireMavenVersion passed
[INFO] Rule 1: org.apache.maven.enforcer.rules.version.RequireJavaVersion passed
[INFO] 
[INFO] --- resources:3.3.1:resources (default-resources) @ my-app ---
[INFO] skip non existing resourceDirectory /var/jenkins_home/workspace/maven-build/src/main/resources
[INFO] 
[INFO] --- compiler:3.14.1:compile (default-compile) @ my-app ---
[INFO] Recompiling the module because of changed source code.
[INFO] Compiling 1 source file with javac [debug release 17] to target/classes
[INFO] 
[INFO] --- resources:3.3.1:testResources (default-testResources) @ my-app ---
[INFO] skip non existing resourceDirectory /var/jenkins_home/workspace/maven-build/src/test/resources
[INFO] 
[INFO] --- compiler:3.14.1:testCompile (default-testCompile) @ my-app ---
[INFO] Recompiling the module because of changed dependency.
[INFO] Compiling 1 source file with javac [debug release 17] to target/test-classes
[INFO] 
[INFO] --- surefire:3.2.5:test (default-test) @ my-app ---
[INFO] Tests are skipped.
[INFO] 
[INFO] --- jar:3.4.2:jar (default-jar) @ my-app ---
[INFO] Building jar: /var/jenkins_home/workspace/maven-build/target/my-app-1.0-SNAPSHOT.jar
[INFO] ------------------------------------------------------------------------
[INFO] BUILD SUCCESS
[INFO] ------------------------------------------------------------------------
[INFO] Total time:  3.590 s
[INFO] Finished at: 2025-09-23T04:10:35Z
[INFO] ------------------------------------------------------------------------
Waiting for Jenkins to finish collecting data
[JENKINS] Archiving /var/jenkins_home/workspace/maven-build/pom.xml to com.mycompany.app/my-app/1.0-SNAPSHOT/my-app-1.0-SNAPSHOT.pom
[JENKINS] Archiving /var/jenkins_home/workspace/maven-build/target/my-app-1.0-SNAPSHOT.jar to com.mycompany.app/my-app/1.0-SNAPSHOT/my-app-1.0-SNAPSHOT.jar
channel stopped
Archiving artifacts
Finished: SUCCESS